5JYT
1021 seqs removed for containing more than 25% gaps, 7137 remaining
eps	n_clusters	n_not_clustered
3.00	4	1762
3.50	7	1742
4.00	9	1711
4.50	11	1703
5.00	24	1650
5.50	27	1585
6.00	44	1462
6.50	59	1309
7.00	72	1090
7.50	66	875
8.00	64	557
8.50	51	326
9.00	25	193
9.50	6	84
10.00	3	17
10.50	2	5
11.00	1	0
Selected eps=7.00
7137 total seqs
337 clusters, 2657 of 7137 not clustered (0.37)
avg identity to query of unclustered: 0.39
avg identity to query of clustered: 0.42
wrote clustering data to subsampled_MSAs_5JYT/5JYT_clustering_assignments.tsv
wrote cluster metadata to subsampled_MSAs_5JYT/5JYT_cluster_metadata.tsv
